<?xml version="1.0" encoding="UTF-8"?>
<!-- Generated by org.testng.reporters.JUnitReportReporter -->
<testsuite hostname="ze.local" failures="0" tests="2" name="domaciSelenium.RegistrationTest" time="3.211" errors="0" timestamp="29 maj 2021 13:29:35 GMT" skipped="0">
  <testcase classname="domaciSelenium.RegistrationTest" name="testRegBtn" time="1.884"/>
  <testcase classname="domaciSelenium.RegistrationTest" name="testRegForm" time="1.327"/>
</testsuite> <!-- domaciSelenium.RegistrationTest -->
