<?xml version="1.0" encoding="UTF-8"?>
<!-- Generated by org.testng.reporters.JUnitReportReporter -->
<testsuite hostname="ze.local" failures="0" tests="1" name="domaciSelenium.ItBootcampTest" time="6.539" errors="0" timestamp="29 maj 2021 12:27:31 GMT" skipped="0">
  <testcase classname="domaciSelenium.ItBootcampTest" name="testButton" time="6.539"/>
</testsuite> <!-- domaciSelenium.ItBootcampTest -->
